c:\users\cg09\documents\github\jepf_clase\claselabcompgraf\claselabcompgraf\debug\vc141.pdb
c:\users\cg09\documents\github\jepf_clase\claselabcompgraf\claselabcompgraf\debug\vc141.idb
c:\users\cg09\documents\github\jepf_clase\claselabcompgraf\claselabcompgraf\debug\camera.obj
c:\users\cg09\documents\github\jepf_clase\claselabcompgraf\claselabcompgraf\debug\figuras.obj
c:\users\cg09\documents\github\jepf_clase\claselabcompgraf\claselabcompgraf\debug\mainpractica08.1.obj
c:\users\cg09\documents\github\jepf_clase\claselabcompgraf\claselabcompgraf\debug\texture.obj
c:\users\cg09\documents\github\jepf_clase\claselabcompgraf\claselabcompgraf\debug\mainpractica10.obj
c:\users\jepf_\documents\githubrepositories\jepf_clase\claselabcompgraf\debug\claselabcompgraf.exe
c:\users\jepf_\documents\githubrepositories\jepf_clase\claselabcompgraf\debug\claselabcompgraf.ilk
c:\users\jepf_\documents\githubrepositories\jepf_clase\claselabcompgraf\debug\claselabcompgraf.pdb
c:\users\cg09\documents\github\jepf_clase\claselabcompgraf\debug\claselabcompgraf.ilk
c:\users\cg09\documents\github\jepf_clase\claselabcompgraf\debug\claselabcompgraf.exe
c:\users\cg09\documents\github\jepf_clase\claselabcompgraf\debug\claselabcompgraf.pdb
c:\users\cg09\documents\github\jepf_clase\claselabcompgraf\claselabcompgraf\debug\mainpractica02.obj
c:\users\cg09\documents\github\jepf_clase\claselabcompgraf\claselabcompgraf\debug\mainpractica03.obj
c:\users\cg09\documents\github\jepf_clase\claselabcompgraf\claselabcompgraf\debug\mainpractica04.obj
c:\users\cg09\documents\github\jepf_clase\claselabcompgraf\claselabcompgraf\debug\mainpractica05.obj
c:\users\cg09\documents\github\jepf_clase\claselabcompgraf\claselabcompgraf\debug\mainpractica06.obj
c:\users\cg09\documents\github\jepf_clase\claselabcompgraf\claselabcompgraf\debug\mainpractica07.obj
c:\users\cg09\documents\github\jepf_clase\claselabcompgraf\claselabcompgraf\debug\mainpractica08.obj
c:\users\cg09\documents\github\jepf_clase\claselabcompgraf\claselabcompgraf\debug\mainpratica09.obj
c:\users\cg09\documents\github\jepf_clase\claselabcompgraf\claselabcompgraf\debug\tarea03.obj
c:\users\cg09\documents\github\jepf_clase\claselabcompgraf\claselabcompgraf\debug\claselabcompgraf.tlog\cl.command.1.tlog
c:\users\cg09\documents\github\jepf_clase\claselabcompgraf\claselabcompgraf\debug\claselabcompgraf.tlog\cl.read.1.tlog
c:\users\cg09\documents\github\jepf_clase\claselabcompgraf\claselabcompgraf\debug\claselabcompgraf.tlog\cl.write.1.tlog
c:\users\cg09\documents\github\jepf_clase\claselabcompgraf\claselabcompgraf\debug\claselabcompgraf.tlog\link-cvtres.read.1.tlog
c:\users\cg09\documents\github\jepf_clase\claselabcompgraf\claselabcompgraf\debug\claselabcompgraf.tlog\link-cvtres.write.1.tlog
c:\users\cg09\documents\github\jepf_clase\claselabcompgraf\claselabcompgraf\debug\claselabcompgraf.tlog\link-rc.read.1.tlog
c:\users\cg09\documents\github\jepf_clase\claselabcompgraf\claselabcompgraf\debug\claselabcompgraf.tlog\link-rc.write.1.tlog
c:\users\cg09\documents\github\jepf_clase\claselabcompgraf\claselabcompgraf\debug\claselabcompgraf.tlog\link.6716-cvtres.read.1.tlog
c:\users\cg09\documents\github\jepf_clase\claselabcompgraf\claselabcompgraf\debug\claselabcompgraf.tlog\link.6716-cvtres.write.1.tlog
c:\users\cg09\documents\github\jepf_clase\claselabcompgraf\claselabcompgraf\debug\claselabcompgraf.tlog\link.6716-rc.read.1.tlog
c:\users\cg09\documents\github\jepf_clase\claselabcompgraf\claselabcompgraf\debug\claselabcompgraf.tlog\link.6716-rc.write.1.tlog
c:\users\cg09\documents\github\jepf_clase\claselabcompgraf\claselabcompgraf\debug\claselabcompgraf.tlog\link.6716.read.1.tlog
c:\users\cg09\documents\github\jepf_clase\claselabcompgraf\claselabcompgraf\debug\claselabcompgraf.tlog\link.6716.write.1.tlog
c:\users\cg09\documents\github\jepf_clase\claselabcompgraf\claselabcompgraf\debug\claselabcompgraf.tlog\link.command.1.tlog
c:\users\cg09\documents\github\jepf_clase\claselabcompgraf\claselabcompgraf\debug\claselabcompgraf.tlog\link.read.1.tlog
c:\users\cg09\documents\github\jepf_clase\claselabcompgraf\claselabcompgraf\debug\claselabcompgraf.tlog\link.write.1.tlog
